C:\Program Files (x86)\Microsoft Visual Studio\2019\Community\MSBuild\Microsoft\VC\v160\Microsoft.CppBuild.targets(452,5): warning MSB8028: The intermediate directory (x64\Debug\) contains files shared from another project (Engine.vcxproj).  This can lead to incorrect clean and rebuild behavior.
  TAudio.cpp
D:\Repositorios\TortillaEngine\TortillaEngine\code\headers\declarations.hpp(36,25): warning C4091: 'typedef ': se ha omitido a la izquierda de 'Mix_Chunk' cuando no hay ninguna variable declarada
D:\Repositorios\TortillaEngine\TortillaEngine\code\headers\TAudio.hpp(46,16): error C2061: error de sintaxis: identificador 'Uint16'
D:\Repositorios\TortillaEngine\TortillaEngine\code\sources\TAudio.cpp(46,2): error C2511: 'void TortillaEngine::TAudio::OpenMixer(Uint16,int,int,int)': la función miembro sobrecargada no se ha encontrado en 'TortillaEngine::TAudio'
  TMusic.cpp
D:\Repositorios\TortillaEngine\TortillaEngine\code\headers\TAudio.hpp(37): message : vea la declaración de 'TortillaEngine::TAudio'
D:\Repositorios\TortillaEngine\TortillaEngine\code\headers\declarations.hpp(36,25): warning C4091: 'typedef ': se ha omitido a la izquierda de 'Mix_Chunk' cuando no hay ninguna variable declarada
D:\Repositorios\TortillaEngine\TortillaEngine\code\headers\TAudio.hpp(46,16): error C2061: error de sintaxis: identificador 'Uint16'
D:\Repositorios\TortillaEngine\TortillaEngine\code\headers\TMusic.hpp(37,20): error C2065: 'Mix_Music': identificador no declarado
D:\Repositorios\TortillaEngine\TortillaEngine\code\headers\TMusic.hpp(37,8): error C2923: 'std::shared_ptr': 'Mix_Music' no es un argumento de tipo de plantilla válido para el parámetro '_Ty'
D:\Repositorios\TortillaEngine\TortillaEngine\code\sources\TMusic.cpp(34,1): error C2512: 'std::shared_ptr': no hay disponible un constructor predeterminado adecuado
C:\Program Files (x86)\Microsoft Visual Studio\2019\Community\VC\Tools\MSVC\14.23.28105\include\memory(1005,42): message : vea la declaración de 'std::shared_ptr'
D:\Repositorios\TortillaEngine\TortillaEngine\code\sources\TMusic.cpp(40,63): error C2678: '=' binario: no se encontró un operador que adopte un operando en la parte izquierda de tipo 'std::shared_ptr' (o bien no existe una conversión aceptable)
C:\Program Files (x86)\Microsoft Visual Studio\2019\Community\VC\Tools\MSVC\14.23.28105\include\memory(1148,17): message : puede ser 'std::shared_ptr<_Ty> &std::shared_ptr<_Ty>::operator =(std::shared_ptr<_Ty> &&) noexcept'
C:\Program Files (x86)\Microsoft Visual Studio\2019\Community\VC\Tools\MSVC\14.23.28105\include\memory(1136,17): message : o       'std::shared_ptr<_Ty> &std::shared_ptr<_Ty>::operator =(const std::shared_ptr<_Ty> &) noexcept'
C:\Program Files (x86)\Microsoft Visual Studio\2019\Community\VC\Tools\MSVC\14.23.28105\include\memory(1154,17): message : o       'std::shared_ptr<_Ty> &std::shared_ptr<_Ty>::operator =<Mix_Music>(std::shared_ptr<Mix_Music> &&) noexcept'
C:\Program Files (x86)\Microsoft Visual Studio\2019\Community\VC\Tools\MSVC\14.23.28105\include\memory(1142,17): message : o       'std::shared_ptr<_Ty> &std::shared_ptr<_Ty>::operator =<Mix_Music>(const std::shared_ptr<Mix_Music> &) noexcept'
D:\Repositorios\TortillaEngine\TortillaEngine\code\sources\TMusic.cpp(40,63): message : al hacer coincidir la lista de argumentos '(std::shared_ptr, std::shared_ptr<Mix_Music>)'
D:\Repositorios\TortillaEngine\TortillaEngine\code\sources\TMusic.cpp(40,63): error C2582: La función 'operator =' no está disponible en 'std::shared_ptr'
D:\Repositorios\TortillaEngine\TortillaEngine\code\sources\TMusic.cpp(50,29): error C2678: '!=' binario: no se encontró un operador que adopte un operando en la parte izquierda de tipo 'std::shared_ptr' (o bien no existe una conversión aceptable)
C:\Program Files (x86)\Microsoft Visual Studio\2019\Community\VC\Tools\MSVC\14.23.28105\include\exception(294,24): message : puede ser 'bool std::operator !=(const std::exception_ptr &,const std::exception_ptr &) noexcept' [se encontró con la búsqueda dependiente de argumentos]
C:\Program Files (x86)\Microsoft Visual Studio\2019\Community\VC\Tools\MSVC\14.23.28105\include\exception(298,24): message : o       'bool std::operator !=(std::nullptr_t,const std::exception_ptr &) noexcept' [se encontró con la búsqueda dependiente de argumentos]
C:\Program Files (x86)\Microsoft Visual Studio\2019\Community\VC\Tools\MSVC\14.23.28105\include\exception(302,24): message : o       'bool std::operator !=(const std::exception_ptr &,std::nullptr_t) noexcept' [se encontró con la búsqueda dependiente de argumentos]
D:\Repositorios\TortillaEngine\TortillaEngine\code\sources\TMusic.cpp(50,29): message : al hacer coincidir la lista de argumentos '(std::shared_ptr, nullptr)'
D:\Repositorios\TortillaEngine\TortillaEngine\code\sources\TMusic.cpp(52,34): error C2662: 'remove_extent<_Ty>::type *std::_Ptr_base<_Ty>::get(void) noexcept const': no se puede convertir el puntero 'this' de 'std::shared_ptr' a 'const std::shared_ptr<_Ty> &'
D:\Repositorios\TortillaEngine\TortillaEngine\code\sources\TMusic.cpp(52,34): message : Razón: no se puede realizar la conversión de 'std::shared_ptr' a 'const std::shared_ptr<_Ty>'
D:\Repositorios\TortillaEngine\TortillaEngine\code\sources\TMusic.cpp(52,17): message : La conversión requiere un segundo operador de conversión definido por el usuario o constructor
C:\Program Files (x86)\Microsoft Visual Studio\2019\Community\VC\Tools\MSVC\14.23.28105\include\memory(816,30): message : vea la declaración de 'std::_Ptr_base<_Ty>::get'
D:\Repositorios\TortillaEngine\TortillaEngine\code\sources\TMusic.cpp(64,29): error C2678: '!=' binario: no se encontró un operador que adopte un operando en la parte izquierda de tipo 'std::shared_ptr' (o bien no existe una conversión aceptable)
C:\Program Files (x86)\Microsoft Visual Studio\2019\Community\VC\Tools\MSVC\14.23.28105\include\exception(294,24): message : puede ser 'bool std::operator !=(const std::exception_ptr &,const std::exception_ptr &) noexcept' [se encontró con la búsqueda dependiente de argumentos]
C:\Program Files (x86)\Microsoft Visual Studio\2019\Community\VC\Tools\MSVC\14.23.28105\include\exception(298,24): message : o       'bool std::operator !=(std::nullptr_t,const std::exception_ptr &) noexcept' [se encontró con la búsqueda dependiente de argumentos]
C:\Program Files (x86)\Microsoft Visual Studio\2019\Community\VC\Tools\MSVC\14.23.28105\include\exception(302,24): message : o       'bool std::operator !=(const std::exception_ptr &,std::nullptr_t) noexcept' [se encontró con la búsqueda dependiente de argumentos]
D:\Repositorios\TortillaEngine\TortillaEngine\code\sources\TMusic.cpp(64,29): message : al hacer coincidir la lista de argumentos '(std::shared_ptr, nullptr)'
D:\Repositorios\TortillaEngine\TortillaEngine\code\sources\TMusic.cpp(66,36): error C2662: 'remove_extent<_Ty>::type *std::_Ptr_base<_Ty>::get(void) noexcept const': no se puede convertir el puntero 'this' de 'std::shared_ptr' a 'const std::shared_ptr<_Ty> &'
D:\Repositorios\TortillaEngine\TortillaEngine\code\sources\TMusic.cpp(66,36): message : Razón: no se puede realizar la conversión de 'std::shared_ptr' a 'const std::shared_ptr<_Ty>'
D:\Repositorios\TortillaEngine\TortillaEngine\code\sources\TMusic.cpp(66,19): message : La conversión requiere un segundo operador de conversión definido por el usuario o constructor
C:\Program Files (x86)\Microsoft Visual Studio\2019\Community\VC\Tools\MSVC\14.23.28105\include\memory(816,30): message : vea la declaración de 'std::_Ptr_base<_Ty>::get'
D:\Repositorios\TortillaEngine\TortillaEngine\code\sources\TMusic.cpp(72,33): error C2662: 'remove_extent<_Ty>::type *std::_Ptr_base<_Ty>::get(void) noexcept const': no se puede convertir el puntero 'this' de 'std::shared_ptr' a 'const std::shared_ptr<_Ty> &'
D:\Repositorios\TortillaEngine\TortillaEngine\code\sources\TMusic.cpp(72,33): message : Razón: no se puede realizar la conversión de 'std::shared_ptr' a 'const std::shared_ptr<_Ty>'
D:\Repositorios\TortillaEngine\TortillaEngine\code\sources\TMusic.cpp(72,16): message : La conversión requiere un segundo operador de conversión definido por el usuario o constructor
  TScene.cpp
C:\Program Files (x86)\Microsoft Visual Studio\2019\Community\VC\Tools\MSVC\14.23.28105\include\memory(816,30): message : vea la declaración de 'std::_Ptr_base<_Ty>::get'
D:\Repositorios\TortillaEngine\TortillaEngine\code\headers\declarations.hpp(36,25): warning C4091: 'typedef ': se ha omitido a la izquierda de 'Mix_Chunk' cuando no hay ninguna variable declarada
D:\Repositorios\TortillaEngine\TortillaEngine\code\headers\TComponent.hpp(45,39): warning C4150: eliminación de puntero a tipo 'TortillaEngine::TEntity' incompleto; no se ha llamado a un destructor
D:\Repositorios\TortillaEngine\TortillaEngine\code\headers\TComponent.hpp(35): message : vea la declaración de 'TortillaEngine::TEntity'
D:\Repositorios\TortillaEngine\TortillaEngine\code\headers\TTransformComponent.hpp(42,22): error C2555: 'TortillaEngine::TTransformComponent::initialize': el tipo de valor devuelto de la función virtual de invalidación es distinto y no es covariante de 'TortillaEngine::TComponent::initialize'
D:\Repositorios\TortillaEngine\TortillaEngine\code\headers\TComponent.hpp(47): message : vea la declaración de 'TortillaEngine::TComponent::initialize'
D:\Repositorios\TortillaEngine\TortillaEngine\code\headers\TTransformComponent.hpp(47,22): error C3668: 'TortillaEngine::TTransformComponent::parse_property': el método con el especificador de invalidación 'override' no invalidó ningún método de clase base
D:\Repositorios\TortillaEngine\TortillaEngine\code\headers\TTransformComponent.hpp(39,9): error C2512: 'TortillaEngine::TComponent': no hay disponible un constructor predeterminado adecuado
D:\Repositorios\TortillaEngine\TortillaEngine\code\headers\TComponent.hpp(37,11): message : vea la declaración de 'TortillaEngine::TComponent'
D:\Repositorios\TortillaEngine\TortillaEngine\code\headers\TEntity.hpp(45,22): error C2039: 'list': no es un miembro de 'std'
C:\Program Files (x86)\Microsoft Visual Studio\2019\Community\VC\Tools\MSVC\14.23.28105\include\memory(20): message : vea la declaración de 'std'
D:\Repositorios\TortillaEngine\TortillaEngine\code\headers\TEntity.hpp(45,27): error C2143: error de sintaxis: falta ';' delante de '<'
D:\Repositorios\TortillaEngine\TortillaEngine\code\headers\TEntity.hpp(45,27): error C4430: falta el especificador de tipo; se presupone int. Nota: C++ no admite default-int
D:\Repositorios\TortillaEngine\TortillaEngine\code\headers\TEntity.hpp(45,72): error C2238: símbolos (token) inesperados delante de ';'
D:\Repositorios\TortillaEngine\TortillaEngine\code\headers\TEntity.hpp(46,44): error C2039: 'list': no es un miembro de 'std'
C:\Program Files (x86)\Microsoft Visual Studio\2019\Community\VC\Tools\MSVC\14.23.28105\include\memory(20): message : vea la declaración de 'std'
D:\Repositorios\TortillaEngine\TortillaEngine\code\headers\TEntity.hpp(46,49): error C2947: se esperaba '>' para terminar lista de argumentos de plantilla pero se encontró '<'
D:\Repositorios\TortillaEngine\TortillaEngine\code\headers\TEntity.hpp(46,77): error C2098: token inesperado después del miembro de datos 'shared_ptr'
D:\Repositorios\TortillaEngine\TortillaEngine\code\headers\TEntity.hpp(46,77): error C2059: error de sintaxis: '>'
D:\Repositorios\TortillaEngine\TortillaEngine\code\headers\TEntity.hpp(48): error C2259: 'TortillaEngine::TTransformComponent': no se puede crear una instancia de una clase abstract
D:\Repositorios\TortillaEngine\TortillaEngine\code\headers\TEntity.hpp(48): message : debido a los siguientes miembros:
D:\Repositorios\TortillaEngine\TortillaEngine\code\headers\TEntity.hpp(48): message : 'void TortillaEngine::TComponent::execute(void)': es abstracto
D:\Repositorios\TortillaEngine\TortillaEngine\code\headers\TComponent.hpp(49): message : vea la declaración de 'TortillaEngine::TComponent::execute'
D:\Repositorios\TortillaEngine\TortillaEngine\code\headers\TEntity.hpp(48): message : 'bool TortillaEngine::TComponent::parse_component(rapidxml::xml_node<char> *)': es abstracto
D:\Repositorios\TortillaEngine\TortillaEngine\code\headers\TComponent.hpp(51): message : vea la declaración de 'TortillaEngine::TComponent::parse_component'
D:\Repositorios\TortillaEngine\TortillaEngine\code\headers\TEntity.hpp(50,36): error C2039: 'list': no es un miembro de 'std'
C:\Program Files (x86)\Microsoft Visual Studio\2019\Community\VC\Tools\MSVC\14.23.28105\include\memory(20): message : vea la declaración de 'std'
D:\Repositorios\TortillaEngine\TortillaEngine\code\headers\TEntity.hpp(50,41): error C2947: se esperaba '>' para terminar lista de argumentos de plantilla pero se encontró '<'
D:\Repositorios\TortillaEngine\TortillaEngine\code\headers\TEntity.hpp(50,69): error C2098: token inesperado después del miembro de datos 'shared_ptr'
D:\Repositorios\TortillaEngine\TortillaEngine\code\headers\TEntity.hpp(50,69): error C2059: error de sintaxis: '>'
D:\Repositorios\TortillaEngine\TortillaEngine\code\headers\TEntity.hpp(77,14): error C2039: 'list': no es un miembro de 'std'
C:\Program Files (x86)\Microsoft Visual Studio\2019\Community\VC\Tools\MSVC\14.23.28105\include\memory(20): message : vea la declaración de 'std'
D:\Repositorios\TortillaEngine\TortillaEngine\code\headers\TEntity.hpp(77,19): error C2059: error de sintaxis: '<'
D:\Repositorios\TortillaEngine\TortillaEngine\code\headers\TEntity.hpp(78,9): error C2334: símbolos (token) inesperados delante de '{'; se pasará por alto el cuerpo de función aparente
D:\Repositorios\TortillaEngine\TortillaEngine\code\headers\TEntity.hpp(96): error C2259: 'TortillaEngine::TTransformComponent': no se puede crear una instancia de una clase abstract
D:\Repositorios\TortillaEngine\TortillaEngine\code\headers\TEntity.hpp(96): message : debido a los siguientes miembros:
D:\Repositorios\TortillaEngine\TortillaEngine\code\headers\TEntity.hpp(96): message : 'void TortillaEngine::TComponent::execute(void)': es abstracto
D:\Repositorios\TortillaEngine\TortillaEngine\code\headers\TComponent.hpp(49): message : vea la declaración de 'TortillaEngine::TComponent::execute'
D:\Repositorios\TortillaEngine\TortillaEngine\code\headers\TEntity.hpp(96): message : 'bool TortillaEngine::TComponent::parse_component(rapidxml::xml_node<char> *)': es abstracto
D:\Repositorios\TortillaEngine\TortillaEngine\code\headers\TComponent.hpp(51): message : vea la declaración de 'TortillaEngine::TComponent::parse_component'
D:\Repositorios\TortillaEngine\TortillaEngine\code\headers\TEntity.hpp(61,35): error C2065: 'components': identificador no declarado
D:\Repositorios\TortillaEngine\TortillaEngine\code\headers\TEntity.hpp(61,1): error C2672: 'begin': no se encontró una función sobrecargada que coincida
D:\Repositorios\TortillaEngine\TortillaEngine\code\headers\TEntity.hpp(61,1): error C2893: No se pudo especializar la plantilla de función "unknown-type std::begin(_Container &)"
C:\Program Files (x86)\Microsoft Visual Studio\2019\Community\VC\Tools\MSVC\14.23.28105\include\xutility(1041): message : vea la declaración de 'std::begin'
D:\Repositorios\TortillaEngine\TortillaEngine\code\headers\TEntity.hpp(61,1): message : Con los siguientes argumentos de plantilla:
D:\Repositorios\TortillaEngine\TortillaEngine\code\headers\TEntity.hpp(61,1): message : '_Container=unknown-type'
D:\Repositorios\TortillaEngine\TortillaEngine\code\headers\TEntity.hpp(61,1): error C2784: 'const _Elem *std::begin(std::initializer_list<_Elem>) noexcept': no se pudo deducir el argumento de plantilla para 'std::initializer_list<_Elem>' desde 'unknown-type'
C:\Program Files (x86)\Microsoft Visual Studio\2019\Community\VC\Tools\MSVC\14.23.28105\include\initializer_list(53): message : vea la declaración de 'std::begin'
D:\Repositorios\TortillaEngine\TortillaEngine\code\headers\TEntity.hpp(61,1): error C2672: 'end': no se encontró una función sobrecargada que coincida
D:\Repositorios\TortillaEngine\TortillaEngine\code\headers\TEntity.hpp(61,1): error C2893: No se pudo especializar la plantilla de función "unknown-type std::end(_Container &)"
C:\Program Files (x86)\Microsoft Visual Studio\2019\Community\VC\Tools\MSVC\14.23.28105\include\xutility(1051): message : vea la declaración de 'std::end'
D:\Repositorios\TortillaEngine\TortillaEngine\code\headers\TEntity.hpp(61,1): message : Con los siguientes argumentos de plantilla:
D:\Repositorios\TortillaEngine\TortillaEngine\code\headers\TEntity.hpp(61,1): message : '_Container=unknown-type'
D:\Repositorios\TortillaEngine\TortillaEngine\code\headers\TEntity.hpp(61,1): error C2784: 'const _Elem *std::end(std::initializer_list<_Elem>) noexcept': no se pudo deducir el argumento de plantilla para 'std::initializer_list<_Elem>' desde 'unknown-type'
C:\Program Files (x86)\Microsoft Visual Studio\2019\Community\VC\Tools\MSVC\14.23.28105\include\initializer_list(59): message : vea la declaración de 'std::end'
D:\Repositorios\TortillaEngine\TortillaEngine\code\headers\TEntity.hpp(61,1): error C3536: '<begin>$L0': no se puede usar antes de inicializarse
D:\Repositorios\TortillaEngine\TortillaEngine\code\headers\TEntity.hpp(61,1): error C3536: '<end>$L0': no se puede usar antes de inicializarse
D:\Repositorios\TortillaEngine\TortillaEngine\code\headers\TEntity.hpp(61,1): error C2100: direccionamiento indirecto no válido
D:\Repositorios\TortillaEngine\TortillaEngine\code\headers\TEntity.hpp(74,13): error C2065: 'components': identificador no declarado
D:\Repositorios\TortillaEngine\TortillaEngine\code\headers\TEntity.hpp(92,20): error C2065: 'components': identificador no declarado
D:\Repositorios\TortillaEngine\TortillaEngine\code\headers\TEntity.hpp(97): error C2259: 'TortillaEngine::TTransformComponent': no se puede crear una instancia de una clase abstract
D:\Repositorios\TortillaEngine\TortillaEngine\code\headers\TEntity.hpp(97): message : debido a los siguientes miembros:
D:\Repositorios\TortillaEngine\TortillaEngine\code\headers\TEntity.hpp(97): message : 'void TortillaEngine::TComponent::execute(void)': es abstracto
D:\Repositorios\TortillaEngine\TortillaEngine\code\headers\TComponent.hpp(49): message : vea la declaración de 'TortillaEngine::TComponent::execute'
D:\Repositorios\TortillaEngine\TortillaEngine\code\headers\TEntity.hpp(97): message : 'bool TortillaEngine::TComponent::parse_component(rapidxml::xml_node<char> *)': es abstracto
D:\Repositorios\TortillaEngine\TortillaEngine\code\headers\TComponent.hpp(51): message : vea la declaración de 'TortillaEngine::TComponent::parse_component'
D:\Repositorios\TortillaEngine\TortillaEngine\code\headers\TVariant.hpp(117,39): warning C4244: '=': conversión de 'float' a 'int'; posible pérdida de datos
D:\Repositorios\TortillaEngine\TortillaEngine\code\headers\TMessage.hpp(53,27): error C2676: '[' binario: 'std::multimap<std::string,TortillaEngine::TVariant,std::less<_Kty>,std::allocator<std::pair<const _Kty,_Ty>>>' no define este operador o una conversión a un tipo aceptable para el operador predefinido
D:\Repositorios\TortillaEngine\TortillaEngine\code\headers\TMessage.hpp(53,27): error C2676:         with
D:\Repositorios\TortillaEngine\TortillaEngine\code\headers\TMessage.hpp(53,27): error C2676:         [
D:\Repositorios\TortillaEngine\TortillaEngine\code\headers\TMessage.hpp(53,27): error C2676:             _Kty=std::string,
D:\Repositorios\TortillaEngine\TortillaEngine\code\headers\TMessage.hpp(53,27): error C2676:             _Ty=TortillaEngine::TVariant
D:\Repositorios\TortillaEngine\TortillaEngine\code\headers\TMessage.hpp(53,27): error C2676:         ]
  TSound.cpp
D:\Repositorios\TortillaEngine\TortillaEngine\code\sources\TScene.cpp(32,17): error C2653: 'TScene': no es un nombre de clase o espacio de nombres
D:\Repositorios\TortillaEngine\TortillaEngine\code\headers\declarations.hpp(36,25): warning C4091: 'typedef ': se ha omitido a la izquierda de 'Mix_Chunk' cuando no hay ninguna variable declarada
  TWindow.cpp
D:\Repositorios\TortillaEngine\TortillaEngine\code\headers\TAudio.hpp(46,16): error C2061: error de sintaxis: identificador 'Uint16'
  Generando código...
D:\Repositorios\TortillaEngine\TortillaEngine\code\headers\declarations.hpp(36,25): warning C4091: 'typedef ': se ha omitido a la izquierda de 'Mix_Chunk' cuando no hay ninguna variable declarada
