d:\repositorios\tortillaengine\engine-library\projects\vs-2017\x64\debug\engine.pdb
d:\repositorios\tortillaengine\engine-library\projects\vs-2017\x64\debug\engine.idb
d:\repositorios\tortillaengine\engine-library\projects\vs-2017\x64\debug\winmain.obj
d:\repositorios\tortillaengine\engine-library\projects\vs-2017\x64\debug\twindow.obj
d:\repositorios\tortillaengine\engine-library\projects\vs-2017\x64\debug\ttransformcomponent.obj
d:\repositorios\tortillaengine\engine-library\projects\vs-2017\x64\debug\ttimer.obj
d:\repositorios\tortillaengine\engine-library\projects\vs-2017\x64\debug\tspherecollider.obj
d:\repositorios\tortillaengine\engine-library\projects\vs-2017\x64\debug\tsound.obj
d:\repositorios\tortillaengine\engine-library\projects\vs-2017\x64\debug\tscene.obj
d:\repositorios\tortillaengine\engine-library\projects\vs-2017\x64\debug\trendertask.obj
d:\repositorios\tortillaengine\engine-library\projects\vs-2017\x64\debug\trendercomponent.obj
d:\repositorios\tortillaengine\engine-library\projects\vs-2017\x64\debug\tlightcomponent.obj
d:\repositorios\tortillaengine\engine-library\projects\vs-2017\x64\debug\tkeyboardinput.obj
d:\repositorios\tortillaengine\engine-library\projects\vs-2017\x64\debug\tinputtask.obj
d:\repositorios\tortillaengine\engine-library\projects\vs-2017\x64\debug\tcollisionstask.obj
d:\repositorios\tortillaengine\engine-library\projects\vs-2017\x64\debug\tcollider.obj
d:\repositorios\tortillaengine\engine-library\projects\vs-2017\x64\debug\tcameracomponent.obj
d:\repositorios\tortillaengine\engine-library\projects\vs-2017\x64\debug\taudio.obj
d:\repositorios\tortillaengine\engine-library\projects\vs-2017\x64\debug\initialize.obj
d:\repositorios\tortillaengine\executable-test\projects\vs-2017\x64\debug\engine.lib
d:\repositorios\tortillaengine\executable-test\projects\vs-2017\x64\debug\engine.pdb
d:\repositorios\tortillaengine\engine-library\projects\vs-2017\x64\debug\engine.tlog\cl.command.1.tlog
d:\repositorios\tortillaengine\engine-library\projects\vs-2017\x64\debug\engine.tlog\cl.read.1.tlog
d:\repositorios\tortillaengine\engine-library\projects\vs-2017\x64\debug\engine.tlog\cl.write.1.tlog
d:\repositorios\tortillaengine\engine-library\projects\vs-2017\x64\debug\engine.tlog\lib-link.read.1.tlog
d:\repositorios\tortillaengine\engine-library\projects\vs-2017\x64\debug\engine.tlog\lib-link.write.1.tlog
d:\repositorios\tortillaengine\engine-library\projects\vs-2017\x64\debug\engine.tlog\lib.command.1.tlog
